<?xml version="1.0" encoding="UTF-8"?>
<!-- Generated by org.testng.reporters.JUnitXMLReporter -->
<testsuite hostname="USABOS217030L" failures="0" tests="4" name="Test" time="39.468" errors="0" timestamp="18 Apr 2023 04:31:13 GMT">
  <testcase classname="com.anirban.framework.selenium.bdd.runner.CucumberTestRunner" name="runScenario" time="36.979"/>
  <testcase classname="com.anirban.framework.selenium.bdd.runner.CucumberTestRunner" name="runScenario" time="0.056"/>
  <testcase classname="com.anirban.framework.selenium.bdd.runner.CucumberTestRunner" name="runScenario" time="0.009"/>
  <testcase classname="com.anirban.framework.selenium.bdd.runner.CucumberTestRunner" name="runScenario" time="0.018"/>
</testsuite> <!-- Test -->
