-------------------------------------------------------------------------------
Test set: TestSuite
-------------------------------------------------------------------------------
Tests run: 4, Failures: 4, Errors: 0, Skipped: 0, Time elapsed: 27.497 sec <<< FAILURE!
runScenario(com.anirban.framework.selenium.bdd.runner.CucumberTestRunner)  Time elapsed: 10.94 sec  <<< FAILURE!
java.lang.NullPointerException
	at com.anirban.framework.selenium.bdd.stepDef.GoogleSearchStepDef.the_user_launches_google_page(GoogleSearchStepDef.java:30)
	at ?.The user launches google page.(file:///D:/OneDrive%20-%20Infosys%20Limited/projects/eclipse/workspace2/BDDSeleTest/src/test/resources/features/GoogleSearch.feature:4)

runScenario(com.anirban.framework.selenium.bdd.runner.CucumberTestRunner)  Time elapsed: 0.016 sec  <<< FAILURE!
java.lang.NullPointerException
	at com.anirban.framework.selenium.driver.SetupDriver.quitDriver(SetupDriver.java:75)
	at com.anirban.framework.selenium.bdd.stepDef.CucumberHook.tearDown(CucumberHook.java:31)

runScenario(com.anirban.framework.selenium.bdd.runner.CucumberTestRunner)  Time elapsed: 0.018 sec  <<< FAILURE!
java.lang.NullPointerException
	at com.anirban.framework.selenium.driver.SetupDriver.quitDriver(SetupDriver.java:75)
	at com.anirban.framework.selenium.bdd.stepDef.CucumberHook.tearDown(CucumberHook.java:31)

runScenario(com.anirban.framework.selenium.bdd.runner.CucumberTestRunner)  Time elapsed: 0.024 sec  <<< FAILURE!
java.lang.NullPointerException
	at com.anirban.framework.selenium.driver.SetupDriver.quitDriver(SetupDriver.java:75)
	at com.anirban.framework.selenium.bdd.stepDef.CucumberHook.tearDown(CucumberHook.java:31)

