<?xml version="1.0" encoding="UTF-8"?>
<testng-results total="4" passed="4" failed="0" skipped="0">
  <reporter-output>
  </reporter-output>
  <suite started-at="2023-04-18T04:30:33Z" name="Suite" finished-at="2023-04-18T04:31:12Z" duration-ms="39468">
    <groups>
      <group name="cucumber">
        <method signature="AbstractTestNGCucumberTests.runScenario(io.cucumber.testng.PickleWrapper, io.cucumber.testng.FeatureWrapper)[pri:0, instance:com.anirban.framework.selenium.bdd.runner.CucumberTestRunner@27462a88]" name="runScenario" class="io.cucumber.testng.AbstractTestNGCucumberTests"/>
      </group> <!-- cucumber -->
    </groups>
    <test started-at="2023-04-18T04:30:33Z" name="Test" finished-at="2023-04-18T04:31:12Z" duration-ms="39468">
      <class name="com.anirban.framework.selenium.bdd.runner.CucumberTestRunner">
        <test-method is-config="true" signature="setUpClass(org.testng.ITestContext)[pri:0, instance:com.anirban.framework.selenium.bdd.runner.CucumberTestRunner@27462a88]" started-at="2023-04-18T00:30:33Z" name="setUpClass" finished-at="2023-04-18T00:30:34Z" duration-ms="936" status="PASS">
          <params>
            <param index="0">
              <value>
                <![CDATA[org.testng.TestRunner@4c319d52]]>
              </value>
            </param>
          </params>
          <reporter-output>
          </reporter-output>
        </test-method> <!-- setUpClass -->
        <test-method signature="runScenario(io.cucumber.testng.PickleWrapper, io.cucumber.testng.FeatureWrapper)[pri:0, instance:com.anirban.framework.selenium.bdd.runner.CucumberTestRunner@27462a88]" started-at="2023-04-18T00:30:34Z" name="runScenario" description="Runs Cucumber Scenarios" data-provider="scenarios" finished-at="2023-04-18T00:31:11Z" duration-ms="36979" status="PASS">
          <params>
            <param index="0">
              <value>
                <![CDATA["User doing a google search."]]>
              </value>
            </param>
            <param index="1">
              <value>
                <![CDATA["Google Search"]]>
              </value>
            </param>
          </params>
          <reporter-output>
          </reporter-output>
        </test-method> <!-- runScenario -->
        <test-method signature="runScenario(io.cucumber.testng.PickleWrapper, io.cucumber.testng.FeatureWrapper)[pri:0, instance:com.anirban.framework.selenium.bdd.runner.CucumberTestRunner@27462a88]" started-at="2023-04-18T00:31:11Z" name="runScenario" description="Runs Cucumber Scenarios" data-provider="scenarios" finished-at="2023-04-18T00:31:11Z" duration-ms="56" status="PASS">
          <params>
            <param index="0">
              <value>
                <![CDATA["User login with valid data"]]>
              </value>
            </param>
            <param index="1">
              <value>
                <![CDATA["Test Feature"]]>
              </value>
            </param>
          </params>
          <reporter-output>
          </reporter-output>
        </test-method> <!-- runScenario -->
        <test-method signature="runScenario(io.cucumber.testng.PickleWrapper, io.cucumber.testng.FeatureWrapper)[pri:0, instance:com.anirban.framework.selenium.bdd.runner.CucumberTestRunner@27462a88]" started-at="2023-04-18T00:31:11Z" name="runScenario" description="Runs Cucumber Scenarios" data-provider="scenarios" finished-at="2023-04-18T00:31:11Z" duration-ms="9" status="PASS">
          <params>
            <param index="0">
              <value>
                <![CDATA["User login with in valid data"]]>
              </value>
            </param>
            <param index="1">
              <value>
                <![CDATA["Test Feature"]]>
              </value>
            </param>
          </params>
          <reporter-output>
          </reporter-output>
        </test-method> <!-- runScenario -->
        <test-method signature="runScenario(io.cucumber.testng.PickleWrapper, io.cucumber.testng.FeatureWrapper)[pri:0, instance:com.anirban.framework.selenium.bdd.runner.CucumberTestRunner@27462a88]" started-at="2023-04-18T00:31:11Z" name="runScenario" description="Runs Cucumber Scenarios" data-provider="scenarios" finished-at="2023-04-18T00:31:11Z" duration-ms="18" status="PASS">
          <params>
            <param index="0">
              <value>
                <![CDATA["User login with in valid data"]]>
              </value>
            </param>
            <param index="1">
              <value>
                <![CDATA["Test Feature"]]>
              </value>
            </param>
          </params>
          <reporter-output>
          </reporter-output>
        </test-method> <!-- runScenario -->
        <test-method is-config="true" signature="tearDownClass()[pri:0, instance:com.anirban.framework.selenium.bdd.runner.CucumberTestRunner@27462a88]" started-at="2023-04-18T00:31:11Z" name="tearDownClass" finished-at="2023-04-18T00:31:12Z" duration-ms="1435" status="PASS">
          <reporter-output>
          </reporter-output>
        </test-method> <!-- tearDownClass -->
      </class> <!-- com.anirban.framework.selenium.bdd.runner.CucumberTestRunner -->
    </test> <!-- Test -->
  </suite> <!-- Suite -->
</testng-results>
