<?xml version="1.0" encoding="UTF-8" ?>
<testsuite tests="4" failures="1" name="TestSuite" time="25.211" errors="0" skipped="0">
  <properties>
[...]
</properties>
  <testcase classname="com.anirban.framework.selenium.bdd.runner.CucumberTestRunner" name="runScenario" time="25.153">
    <failure type="java.lang.NullPointerException">java.lang.NullPointerException
	at com.anirban.framework.testng.util.Assert.contains(Assert.java:42)
	at com.anirban.framework.selenium.bdd.stepDef.GoogleSearchStepDef.user_gets_into_the_result_page(GoogleSearchStepDef.java:52)
	at ✽.User gets into the result page.(file:///D:/OneDrive%20-%20Infosys%20Limited/projects/eclipse/workspace2/BDDSeleTest/src/test/resources/features/GoogleSearch.feature:7)
</failure>
    <system-out>
Scenario Outline: User doing a google search. # src/test/resources/features/GoogleSearch.feature:10
  Given The user launches google page.        # com.anirban.framework.selenium.bdd.stepDef.GoogleSearchStepDef.the_user_launches_google_page()
  When The user enters &quot;Selenium java&quot;.       # com.anirban.framework.selenium.bdd.stepDef.GoogleSearchStepDef.the_user_enters(java.lang.String)
  And user clicks the go button.              # com.anirban.framework.selenium.bdd.stepDef.GoogleSearchStepDef.user_clicks_the_go_button()
  Then User gets into the result page.        # com.anirban.framework.selenium.bdd.stepDef.GoogleSearchStepDef.user_gets_into_the_result_page()
      java.lang.NullPointerException
	at com.anirban.framework.testng.util.Assert.contains(Assert.java:42)
	at com.anirban.framework.selenium.bdd.stepDef.GoogleSearchStepDef.user_gets_into_the_result_page(GoogleSearchStepDef.java:52)
	at âœ½.User gets into the result page.(file:///D:/OneDrive%20-%20Infosys%20Limited/projects/eclipse/workspace2/BDDSeleTest/src/test/resources/features/GoogleSearch.feature:7)


    Embedding User doing a google search. [image/png 97478 bytes]

</system-out>
    <system-err>SLF4J: Failed to load class &quot;org.slf4j.impl.StaticLoggerBinder&quot;.
SLF4J: Defaulting to no-operation (NOP) logger implementation
SLF4J: See http://www.slf4j.org/codes.html#StaticLoggerBinder for further details.
ERROR StatusLogger Log4j2 could not find a logging implementation. Please add log4j-core to the classpath. Using SimpleLogger to log to the console...
Starting ChromeDriver 112.0.5615.49 (bd2a7bcb881c11e8cfe3078709382934e3916914-refs/branch-heads/5615@{#936}) on port 16687
Only local connections are allowed.
Please see https://chromedriver.chromium.org/security-considerations for suggestions on keeping ChromeDriver safe.
ChromeDriver was started successfully.
[1681476669.432][WARNING]: This version of ChromeDriver has not been tested with Chrome version 113.
Apr 14, 2023 8:51:15 AM org.openqa.selenium.devtools.CdpVersionFinder findNearestMatch
WARNING: Unable to find an exact match for CDP version 113, so returning the closest version found: 111
</system-err>
  </testcase>
  <testcase classname="com.anirban.framework.selenium.bdd.runner.CucumberTestRunner" name="runScenario" time="0.024"/>
  <testcase classname="com.anirban.framework.selenium.bdd.runner.CucumberTestRunner" name="runScenario" time="0.033"/>
  <testcase classname="com.anirban.framework.selenium.bdd.runner.CucumberTestRunner" name="runScenario" time="0.001"/>
</testsuite>