<?xml version="1.0" encoding="UTF-8"?>
<testng-results ignored="0" total="4" passed="4" failed="0" skipped="0">
  <reporter-output>
  </reporter-output>
  <suite started-at="2023-04-17T22:11:16 EDT" name="Suite" finished-at="2023-04-17T22:11:38 EDT" duration-ms="21600">
    <groups>
      <group name="cucumber">
        <method signature="AbstractTestNGCucumberTests.runScenario(io.cucumber.testng.PickleWrapper,io.cucumber.testng.FeatureWrapper)[pri:0, instance:com.anirban.framework.selenium.bdd.runner.CucumberTestRunner@3590fc5b]" name="runScenario" class="io.cucumber.testng.AbstractTestNGCucumberTests"/>
      </group> <!-- cucumber -->
    </groups>
    <test started-at="2023-04-17T22:11:16 EDT" name="Test" finished-at="2023-04-17T22:11:38 EDT" duration-ms="21600">
      <class name="com.anirban.framework.selenium.bdd.runner.CucumberTestRunner">
        <test-method is-config="true" signature="setUpClass(org.testng.ITestContext)[pri:0, instance:com.anirban.framework.selenium.bdd.runner.CucumberTestRunner@3590fc5b]" started-at="2023-04-17T22:11:16 EDT" name="setUpClass" finished-at="2023-04-17T22:11:18 EDT" duration-ms="1527" status="PASS">
          <params>
            <param index="0">
              <value>
                <![CDATA[org.testng.TestRunner@18709cb2]]>
              </value>
            </param>
          </params>
          <reporter-output>
          </reporter-output>
        </test-method> <!-- setUpClass -->
        <test-method signature="runScenario(io.cucumber.testng.PickleWrapper,io.cucumber.testng.FeatureWrapper)[pri:0, instance:com.anirban.framework.selenium.bdd.runner.CucumberTestRunner@3590fc5b]" started-at="2023-04-17T22:11:18 EDT" name="runScenario" description="Runs Cucumber Scenarios" data-provider="scenarios" finished-at="2023-04-17T22:11:37 EDT" duration-ms="18873" status="PASS">
          <params>
            <param index="0">
              <value>
                <![CDATA["User doing a google search."]]>
              </value>
            </param>
            <param index="1">
              <value>
                <![CDATA["Google Search"]]>
              </value>
            </param>
          </params>
          <reporter-output>
          </reporter-output>
        </test-method> <!-- runScenario -->
        <test-method signature="runScenario(io.cucumber.testng.PickleWrapper,io.cucumber.testng.FeatureWrapper)[pri:0, instance:com.anirban.framework.selenium.bdd.runner.CucumberTestRunner@3590fc5b]" started-at="2023-04-17T22:11:37 EDT" name="runScenario" description="Runs Cucumber Scenarios" data-provider="scenarios" finished-at="2023-04-17T22:11:37 EDT" duration-ms="44" status="PASS">
          <params>
            <param index="0">
              <value>
                <![CDATA["User login with valid data"]]>
              </value>
            </param>
            <param index="1">
              <value>
                <![CDATA["Test Feature"]]>
              </value>
            </param>
          </params>
          <reporter-output>
          </reporter-output>
        </test-method> <!-- runScenario -->
        <test-method signature="runScenario(io.cucumber.testng.PickleWrapper,io.cucumber.testng.FeatureWrapper)[pri:0, instance:com.anirban.framework.selenium.bdd.runner.CucumberTestRunner@3590fc5b]" started-at="2023-04-17T22:11:37 EDT" name="runScenario" description="Runs Cucumber Scenarios" data-provider="scenarios" finished-at="2023-04-17T22:11:37 EDT" duration-ms="17" status="PASS">
          <params>
            <param index="0">
              <value>
                <![CDATA["User login with in valid data"]]>
              </value>
            </param>
            <param index="1">
              <value>
                <![CDATA["Test Feature"]]>
              </value>
            </param>
          </params>
          <reporter-output>
          </reporter-output>
        </test-method> <!-- runScenario -->
        <test-method signature="runScenario(io.cucumber.testng.PickleWrapper,io.cucumber.testng.FeatureWrapper)[pri:0, instance:com.anirban.framework.selenium.bdd.runner.CucumberTestRunner@3590fc5b]" started-at="2023-04-17T22:11:37 EDT" name="runScenario" description="Runs Cucumber Scenarios" data-provider="scenarios" finished-at="2023-04-17T22:11:37 EDT" duration-ms="11" status="PASS">
          <params>
            <param index="0">
              <value>
                <![CDATA["User login with in valid data"]]>
              </value>
            </param>
            <param index="1">
              <value>
                <![CDATA["Test Feature"]]>
              </value>
            </param>
          </params>
          <reporter-output>
          </reporter-output>
        </test-method> <!-- runScenario -->
        <test-method is-config="true" signature="tearDownClass()[pri:0, instance:com.anirban.framework.selenium.bdd.runner.CucumberTestRunner@3590fc5b]" started-at="2023-04-17T22:11:37 EDT" name="tearDownClass" finished-at="2023-04-17T22:11:38 EDT" duration-ms="1056" status="PASS">
          <reporter-output>
          </reporter-output>
        </test-method> <!-- tearDownClass -->
      </class> <!-- com.anirban.framework.selenium.bdd.runner.CucumberTestRunner -->
    </test> <!-- Test -->
  </suite> <!-- Suite -->
</testng-results>
